Expiration Check - 2026-04-22
2026-04-22 20:46:29.379882: jsmith is ACTIVE, expires in 254 days
2026-04-22 20:46:29.379901: a.torres is EXPIRED/REVOKED
2026-04-22 20:46:29.379905: cjames is EXPIRED/REVOKED
2026-04-22 20:46:29.379917: l.nguyen is ACTIVE, expires in 495 days
2026-04-22 20:46:29.379930: c.williams is ACTIVE, expires in 222 days
2026-04-22 20:46:29.379945: vpatel is EXPIRED/REVOKED
2026-04-22 20:46:29.379956: mgarcia is EXPIRED/REVOKED
Expiration Check - 2026-04-23
2026-04-23 19:17:23.310344: jsmith is ACTIVE, expires in 253 days
2026-04-23 19:17:23.310349: a.torres is EXPIRED/REVOKED
2026-04-23 19:17:23.310351: cjames is EXPIRED/REVOKED
2026-04-23 19:17:23.310353: l.nguyen is ACTIVE, expires in 494 days
2026-04-23 19:17:23.310355: c.williams is ACTIVE, expires in 221 days
2026-04-23 19:17:23.310356: vpatel is EXPIRED/REVOKED
2026-04-23 19:17:23.310358: mgarcia is EXPIRED/REVOKED
Expiration Check - 2026-04-23
2026-04-23 19:18:14.356627: jsmith is ACTIVE, expires in 253 days
2026-04-23 19:18:14.356631: a.torres is EXPIRED/REVOKED
2026-04-23 19:18:14.356634: cjames is EXPIRED/REVOKED
2026-04-23 19:18:14.356636: l.nguyen is ACTIVE, expires in 494 days
2026-04-23 19:18:14.356638: c.williams is ACTIVE, expires in 221 days
2026-04-23 19:18:14.356640: vpatel is EXPIRED/REVOKED
2026-04-23 19:18:14.356641: mgarcia is EXPIRED/REVOKED
Expiration Check - 2026-04-23
2026-04-23 19:20:05.573787: jsmith is ACTIVE, expires in 253 days
2026-04-23 19:20:05.573792: a.torres is EXPIRED/REVOKED
2026-04-23 19:20:05.573793: cjames is EXPIRED/REVOKED
2026-04-23 19:20:05.573795: l.nguyen is ACTIVE, expires in 494 days
2026-04-23 19:20:05.573797: c.williams is ACTIVE, expires in 221 days
2026-04-23 19:20:05.573798: vpatel is EXPIRED/REVOKED
2026-04-23 19:20:05.573799: mgarcia is EXPIRED/REVOKED
Expiration Check - 2026-04-23
2026-04-23 19:20:45.211135: jsmith is ACTIVE, expires in 253 days
2026-04-23 19:20:45.211139: a.torres is EXPIRED/REVOKED
2026-04-23 19:20:45.211140: cjames is EXPIRED/REVOKED
2026-04-23 19:20:45.211142: l.nguyen is ACTIVE, expires in 494 days
2026-04-23 19:20:45.211144: c.williams is ACTIVE, expires in 221 days
2026-04-23 19:20:45.211145: vpatel is EXPIRED/REVOKED
2026-04-23 19:20:45.211146: mgarcia is EXPIRED/REVOKED
Expiration Check - 2026-04-23
2026-04-23 19:21:37.486235: jsmith is ACTIVE, expires in 253 days
2026-04-23 19:21:37.486239: a.torres is EXPIRED/REVOKED
2026-04-23 19:21:37.486241: cjames is EXPIRED/REVOKED
2026-04-23 19:21:37.486243: l.nguyen is ACTIVE, expires in 494 days
2026-04-23 19:21:37.486245: c.williams is ACTIVE, expires in 221 days
2026-04-23 19:21:37.486246: vpatel is EXPIRED/REVOKED
2026-04-23 19:21:37.486247: mgarcia is EXPIRED/REVOKED
Expiration Check - 2026-04-23
2026-04-23 19:21:54.901054: jsmith is ACTIVE, expires in 253 days
2026-04-23 19:21:54.901058: a.torres is EXPIRED/REVOKED
2026-04-23 19:21:54.901060: cjames is EXPIRED/REVOKED
2026-04-23 19:21:54.901062: l.nguyen is ACTIVE, expires in 494 days
2026-04-23 19:21:54.901064: c.williams is ACTIVE, expires in 221 days
2026-04-23 19:21:54.901065: vpatel is EXPIRED/REVOKED
2026-04-23 19:21:54.901066: mgarcia is EXPIRED/REVOKED
Expiration Check - 2026-04-23
2026-04-23 19:22:11.749285: jsmith is ACTIVE, expires in 253 days
2026-04-23 19:22:11.749289: a.torres is EXPIRED/REVOKED
2026-04-23 19:22:11.749291: cjames is EXPIRED/REVOKED
2026-04-23 19:22:11.749293: l.nguyen is ACTIVE, expires in 494 days
2026-04-23 19:22:11.749294: c.williams is ACTIVE, expires in 221 days
2026-04-23 19:22:11.749296: vpatel is EXPIRED/REVOKED
2026-04-23 19:22:11.749297: mgarcia is EXPIRED/REVOKED
Expiration Check - 2026-04-23
2026-04-23 19:22:36.611146: jsmith is ACTIVE, expires in 253 days
2026-04-23 19:22:36.611150: a.torres is EXPIRED/REVOKED
2026-04-23 19:22:36.611151: cjames is EXPIRED/REVOKED
2026-04-23 19:22:36.611153: l.nguyen is ACTIVE, expires in 494 days
2026-04-23 19:22:36.611155: c.williams is ACTIVE, expires in 221 days
2026-04-23 19:22:36.611156: vpatel is EXPIRED/REVOKED
2026-04-23 19:22:36.611157: mgarcia is EXPIRED/REVOKED
Expiration Check - 2026-04-23
2026-04-23 19:22:47.195273: jsmith is ACTIVE, expires in 253 days
2026-04-23 19:22:47.195277: a.torres is EXPIRED/REVOKED
2026-04-23 19:22:47.195279: cjames is EXPIRED/REVOKED
2026-04-23 19:22:47.195281: l.nguyen is ACTIVE, expires in 494 days
2026-04-23 19:22:47.195282: c.williams is ACTIVE, expires in 221 days
2026-04-23 19:22:47.195284: vpatel is EXPIRED/REVOKED
2026-04-23 19:22:47.195285: mgarcia is EXPIRED/REVOKED
Expiration Check - 2026-04-23
2026-04-23 19:22:46.993790: jsmith is ACTIVE, expires in 253 days
2026-04-23 19:22:46.993795: a.torres is EXPIRED/REVOKED
2026-04-23 19:22:46.993796: cjames is EXPIRED/REVOKED
2026-04-23 19:22:46.993798: l.nguyen is ACTIVE, expires in 494 days
2026-04-23 19:22:46.993800: c.williams is ACTIVE, expires in 221 days
2026-04-23 19:22:46.993801: vpatel is EXPIRED/REVOKED
2026-04-23 19:22:46.993802: mgarcia is EXPIRED/REVOKED
Expiration Check - 2026-04-23
2026-04-23 19:23:00.064432: jsmith is ACTIVE, expires in 253 days
2026-04-23 19:23:00.064436: a.torres is EXPIRED/REVOKED
2026-04-23 19:23:00.064438: cjames is EXPIRED/REVOKED
2026-04-23 19:23:00.064439: l.nguyen is ACTIVE, expires in 494 days
2026-04-23 19:23:00.064441: c.williams is ACTIVE, expires in 221 days
2026-04-23 19:23:00.064443: vpatel is EXPIRED/REVOKED
2026-04-23 19:23:00.064444: mgarcia is EXPIRED/REVOKED
Expiration Check - 2026-04-23
2026-04-23 19:31:29.224128: jsmith is ACTIVE, expires in 253 days
2026-04-23 19:31:29.224132: a.torres is EXPIRED/REVOKED
2026-04-23 19:31:29.224134: cjames is EXPIRED/REVOKED
2026-04-23 19:31:29.224136: l.nguyen is ACTIVE, expires in 494 days
2026-04-23 19:31:29.224138: c.williams is ACTIVE, expires in 221 days
2026-04-23 19:31:29.224139: vpatel is EXPIRED/REVOKED
2026-04-23 19:31:29.224140: mgarcia is EXPIRED/REVOKED
